<?xml version="1.0" encoding="UTF-8"?>
<!-- Generated by org.testng.reporters.JUnitReportReporter -->
<testsuite skipped="0" hostname="LAPTOP-T86GJU8B" name="quiclclicacademy.Mavenjava.APITest" tests="2" failures="0" timestamp="2020-12-27T20:52:07 IST" time="0.007" errors="0">
  <testcase name="A" time="0.003" classname="quiclclicacademy.Mavenjava.APITest"/>
  <system-out/>
  <testcase name="Api" time="0.004" classname="quiclclicacademy.Mavenjava.APITest"/>
  <system-out/>
</testsuite> <!-- quiclclicacademy.Mavenjava.APITest -->
