<?xml version="1.0" encoding="UTF-8"?>
<!-- Generated by org.testng.reporters.JUnitReportReporter -->
<testsuite skipped="0" hostname="LAPTOP-T86GJU8B" name="quiclclicacademy.Mavenjava.AppuimTest" tests="1" failures="0" timestamp="2020-12-27T20:52:08 IST" time="0.004" errors="0">
  <testcase name="App" time="0.004" classname="quiclclicacademy.Mavenjava.AppuimTest"/>
  <system-out/>
</testsuite> <!-- quiclclicacademy.Mavenjava.AppuimTest -->
