<?xml version="1.0" encoding="UTF-8"?>
<!-- Generated by org.testng.reporters.JUnitReportReporter -->
<testsuite skipped="0" hostname="LAPTOP-T86GJU8B" name="quiclclicacademy.Mavenjava.SeleniumTest" tests="2" failures="0" timestamp="2020-12-27T20:52:07 IST" time="0.017" errors="0">
  <testcase name="stest" time="0.002" classname="quiclclicacademy.Mavenjava.SeleniumTest"/>
  <system-out/>
  <testcase name="Selenoum" time="0.015" classname="quiclclicacademy.Mavenjava.SeleniumTest"/>
  <system-out/>
</testsuite> <!-- quiclclicacademy.Mavenjava.SeleniumTest -->
