<?xml version="1.0" encoding="UTF-8"?>
<!-- Generated by org.testng.reporters.JUnitReportReporter -->
<testsuite skipped="0" hostname="LAPTOP-T86GJU8B" name="Academy.E2EProject.HomePage" tests="2" failures="0" timestamp="2020-12-21T23:20:38 IST" time="124.588" errors="0">
  <testcase name="initialize" time="56.303" classname="Academy.E2EProject.HomePage"/>
  <system-out/>
  <testcase name="initialize" time="68.285" classname="Academy.E2EProject.HomePage"/>
  <system-out/>
</testsuite> <!-- Academy.E2EProject.HomePage -->
