<?xml version="1.0" encoding="UTF-8"?>
<!-- Generated by org.testng.reporters.JUnitReportReporter -->
<testsuite skipped="0" hostname="LAPTOP-T86GJU8B" name="test.test2" tests="4" failures="0" timestamp="06 Dec 2020 17:34:32 GMT" time="0.022" errors="0">
  <testcase name="demo2" time="0.005" classname="test.test2"/>
  <testcase name="demo2" time="0.004" classname="test.test2"/>
  <testcase name="demo2" time="0.004" classname="test.test2"/>
  <testcase name="MobilesignimcarLoan" time="0.009" classname="test.test2"/>
</testsuite> <!-- test.test2 -->
