<?xml version="1.0" encoding="UTF-8"?>
<!-- Generated by org.testng.reporters.JUnitReportReporter -->
<testsuite skipped="1" hostname="LAPTOP-T86GJU8B" name="test.test1" tests="3" failures="0" timestamp="06 Dec 2020 17:34:32 GMT" time="0.006" errors="0">
  <testcase name="demo10" time="0.001" classname="test.test1"/>
  <testcase name="demo" time="0.005" classname="test.test1"/>
  <testcase name="MobilesignimcarLoan" classname="test.test1">
    <skipped/>
  </testcase> <!-- MobilesignimcarLoan -->
</testsuite> <!-- test.test1 -->
