<?xml version="1.0" encoding="UTF-8"?>
<!-- Generated by org.testng.reporters.JUnitReportReporter -->
<testsuite skipped="0" hostname="LAPTOP-T86GJU8B" name="test.day3" tests="2" failures="0" timestamp="06 Dec 2020 17:34:32 GMT" time="0.016" errors="0">
  <testcase name="demo1" time="0.007" classname="test.day3"/>
  <testcase name="dem1" time="0.009" classname="test.day3"/>
</testsuite> <!-- test.day3 -->
