<?xml version="1.0" encoding="UTF-8"?>
<!-- Generated by org.testng.reporters.JUnitReportReporter -->
<testsuite skipped="0" hostname="LAPTOP-T86GJU8B" name="quiclclicacademy.Mavenjava.AppuimTest" tests="1" failures="0" timestamp="09 Dec 2020 15:54:51 GMT" time="0.000" errors="0">
  <testcase name="App" time="0.000" classname="quiclclicacademy.Mavenjava.AppuimTest"/>
</testsuite> <!-- quiclclicacademy.Mavenjava.AppuimTest -->
