<?xml version="1.0" encoding="UTF-8"?>
<!-- Generated by org.testng.reporters.JUnitReportReporter -->
<testsuite skipped="0" hostname="LAPTOP-T86GJU8B" name="quiclclicacademy.Mavenjava.SeleniumTest" tests="2" failures="0" timestamp="09 Dec 2020 15:56:59 GMT" time="0.025" errors="0">
  <testcase name="Selenoum" time="0.025" classname="quiclclicacademy.Mavenjava.SeleniumTest"/>
  <testcase name="stest" time="0.000" classname="quiclclicacademy.Mavenjava.SeleniumTest"/>
</testsuite> <!-- quiclclicacademy.Mavenjava.SeleniumTest -->
