<?xml version="1.0" encoding="UTF-8"?>
<!-- Generated by org.testng.reporters.JUnitReportReporter -->
<testsuite skipped="0" hostname="LAPTOP-T86GJU8B" name="quiclclicacademy.Mavenjava.APITest" tests="2" failures="0" timestamp="09 Dec 2020 15:56:59 GMT" time="0.000" errors="0">
  <testcase name="A" time="0.000" classname="quiclclicacademy.Mavenjava.APITest"/>
  <testcase name="Api" time="0.000" classname="quiclclicacademy.Mavenjava.APITest"/>
</testsuite> <!-- quiclclicacademy.Mavenjava.APITest -->
